# JRE version: OpenJDK Runtime Environment (19.0.2+7) (build 19.0.2+7-44)
# Java VM: OpenJDK 64-Bit Server VM (19.0.2+7-44, mixed mode, sharing, tiered, compressed oops, compressed class ptrs, g1 gc, windows-amd64)
GC Precious Log:
 CardTable entry size: 512
 Card Set container configuration: InlinePtr #cards 5 size 8 Array Of Cards #cards 12 size 40 Howl #buckets 4 coarsen threshold 1843 Howl Bitmap #cards 512 size 80 coarsen threshold 460 Card regions per heap region 1 cards per card region 2048
 CPUs: 2 total, 2 available
 Memory: 6033M
 Large Page Support: Disabled
 NUMA Support: Disabled
 Compressed Oops: Enabled (32-bit)
 Heap Region Size: 1M
 Heap Min Capacity: 8M
 Heap Initial Capacity: 96M
 Heap Max Capacity: 1510M
 Pre-touch: Disabled
 Parallel Workers: 2
 Concurrent Workers: 1
 Concurrent Refinement Workers: 2
 Periodic GC: Disabled
Heap:
 garbage-first heap   total 53248K, used 22464K [0x00000000a1a00000, 0x0000000100000000)
  region size 1024K, 12 young (12288K), 2 survivors (2048K)
 Metaspace       used 29012K, committed 29376K, reserved 1114112K
  class space    used 3484K, committed 3648K, reserved 1048576K
GC Heap History (16 events):
Event: 0.637 GC heap before
{Heap before GC invocations=0 (full 0):
 garbage-first heap   total 98304K, used 5120K [0x00000000a1a00000, 0x0000000100000000)
  region size 1024K, 6 young (6144K), 0 survivors (0K)
 Metaspace       used 2180K, committed 2304K, reserved 1114112K
  class space    used 186K, committed 256K, reserved 1048576K
}
Event: 0.643 GC heap after
{Heap after GC invocations=1 (full 0):
 garbage-first heap   total 98304K, used 2870K [0x00000000a1a00000, 0x0000000100000000)
  region size 1024K, 1 young (1024K), 1 survivors (1024K)
 Metaspace       used 2180K, committed 2304K, reserved 1114112K
  class space    used 186K, committed 256K, reserved 1048576K
}
Event: 1.021 GC heap before
{Heap before GC invocations=1 (full 0):
 garbage-first heap   total 98304K, used 6966K [0x00000000a1a00000, 0x0000000100000000)
  region size 1024K, 5 young (5120K), 1 survivors (1024K)
 Metaspace       used 3242K, committed 3392K, reserved 1114112K
  class space    used 299K, committed 384K, reserved 1048576K
}
Event: 1.027 GC heap after
{Heap after GC invocations=2 (full 0):
 garbage-first heap   total 98304K, used 3818K [0x00000000a1a00000, 0x0000000100000000)
  region size 1024K, 1 young (1024K), 1 survivors (1024K)
 Metaspace       used 3242K, committed 3392K, reserved 1114112K
  class space    used 299K, committed 384K, reserved 1048576K
}
Event: 1.588 GC heap before
{Heap before GC invocations=2 (full 0):
 garbage-first heap   total 98304K, used 10986K [0x00000000a1a00000, 0x0000000100000000)
  region size 1024K, 9 young (9216K), 1 survivors (1024K)
 Metaspace       used 5763K, committed 5952K, reserved 1114112K
  class space    used 620K, committed 704K, reserved 1048576K
}
Event: 1.594 GC heap after
{Heap after GC invocations=3 (full 0):
 garbage-first heap   total 98304K, used 4923K [0x00000000a1a00000, 0x0000000100000000)
  region size 1024K, 2 young (2048K), 2 survivors (2048K)
 Metaspace       used 5763K, committed 5952K, reserved 1114112K
  class space    used 620K, committed 704K, reserved 1048576K
}
Event: 3.710 GC heap before
{Heap before GC invocations=3 (full 0):
 garbage-first heap   total 98304K, used 44859K [0x00000000a1a00000, 0x0000000100000000)
  region size 1024K, 42 young (43008K), 2 survivors (2048K)
 Metaspace       used 16165K, committed 16384K, reserved 1114112K
  class space    used 1897K, committed 1984K, reserved 1048576K
}
Event: 3.724 GC heap after
{Heap after GC invocations=4 (full 0):
 garbage-first heap   total 98304K, used 7830K [0x00000000a1a00000, 0x0000000100000000)
  region size 1024K, 5 young (5120K), 5 survivors (5120K)
 Metaspace       used 16165K, committed 16384K, reserved 1114112K
  class space    used 1897K, committed 1984K, reserved 1048576K
}
Event: 5.797 GC heap before
{Heap before GC invocations=4 (full 0):
 garbage-first heap   total 98304K, used 34454K [0x00000000a1a00000, 0x0000000100000000)
  region size 1024K, 33 young (33792K), 5 survivors (5120K)
 Metaspace       used 21211K, committed 21504K, reserved 1114112K
  class space    used 2553K, committed 2688K, reserved 1048576K
}
Event: 5.816 GC heap after
{Heap after GC invocations=5 (full 0):
 garbage-first heap   total 98304K, used 9685K [0x00000000a1a00000, 0x0000000100000000)
  region size 1024K, 6 young (6144K), 6 survivors (6144K)
 Metaspace       used 21211K, committed 21504K, reserved 1114112K
  class space    used 2553K, committed 2688K, reserved 1048576K
}
Event: 6.738 GC heap before
{Heap before GC invocations=6 (full 0):
 garbage-first heap   total 34816K, used 24021K [0x00000000a1a00000, 0x0000000100000000)
  region size 1024K, 20 young (20480K), 6 survivors (6144K)
 Metaspace       used 24834K, committed 25216K, reserved 1114112K
  class space    used 2953K, committed 3136K, reserved 1048576K
}
Event: 6.766 GC heap after
{Heap after GC invocations=7 (full 0):
 garbage-first heap   total 34816K, used 11640K [0x00000000a1a00000, 0x0000000100000000)
  region size 1024K, 2 young (2048K), 2 survivors (2048K)
 Metaspace       used 24834K, committed 25216K, reserved 1114112K
  class space    used 2953K, committed 3136K, reserved 1048576K
}
Event: 6.828 GC heap before
{Heap before GC invocations=7 (full 0):
 garbage-first heap   total 34816K, used 12664K [0x00000000a1a00000, 0x0000000100000000)
  region size 1024K, 3 young (3072K), 2 survivors (2048K)
 Metaspace       used 24938K, committed 25280K, reserved 1114112K
  class space    used 2970K, committed 3136K, reserved 1048576K
}
Event: 6.838 GC heap after
{Heap after GC invocations=8 (full 0):
 garbage-first heap   total 34816K, used 12226K [0x00000000a1a00000, 0x0000000100000000)
  region size 1024K, 1 young (1024K), 1 survivors (1024K)
 Metaspace       used 24938K, committed 25280K, reserved 1114112K
  class space    used 2970K, committed 3136K, reserved 1048576K
}
Event: 7.501 GC heap before
{Heap before GC invocations=8 (full 0):
 garbage-first heap   total 34816K, used 22466K [0x00000000a1a00000, 0x0000000100000000)
  region size 1024K, 12 young (12288K), 1 survivors (1024K)
 Metaspace       used 26966K, committed 27392K, reserved 1114112K
  class space    used 3231K, committed 3456K, reserved 1048576K
}
Event: 7.507 GC heap after
{Heap after GC invocations=9 (full 0):
 garbage-first heap   total 53248K, used 13248K [0x00000000a1a00000, 0x0000000100000000)
  region size 1024K, 2 young (2048K), 2 survivors (2048K)
 Metaspace       used 26966K, committed 27392K, reserved 1114112K
  class space    used 3231K, committed 3456K, reserved 1048576K
}

